# JRE version: Java(TM) SE Runtime Environment (8.0_20-b26) (build 1.8.0_20-b26)
# Java VM: Java HotSpot(TM) 64-Bit Server VM (25.20-b23 mixed mode linux-amd64 compressed oops)
Heap:
 PSYoungGen      total 52736K, used 34004K [0x00000000e0e00000, 0x00000000e7500000, 0x0000000100000000)
  eden space 49152K, 61% used [0x00000000e0e00000,0x00000000e2bba6e0,0x00000000e3e00000)
  from space 3584K, 99% used [0x00000000e3e00000,0x00000000e417ab90,0x00000000e4180000)
  to   space 3584K, 0% used [0x00000000e7180000,0x00000000e7180000,0x00000000e7500000)
 ParOldGen       total 64512K, used 4990K [0x00000000a2a00000, 0x00000000a6900000, 0x00000000e0e00000)
  object space 64512K, 7% used [0x00000000a2a00000,0x00000000a2edf810,0x00000000a6900000)
 Metaspace       used 14655K, capacity 15090K, committed 15360K, reserved 1062912K
  class space    used 1811K, capacity 1985K, committed 2048K, reserved 1048576K
GC Heap History (6 events):
Event: 1,356 GC heap before
{Heap before GC invocations=1 (full 0):
 PSYoungGen      total 28160K, used 24576K [0x00000000e0e00000, 0x00000000e2d00000, 0x0000000100000000)
  eden space 24576K, 100% used [0x00000000e0e00000,0x00000000e2600000,0x00000000e2600000)
  from space 3584K, 0% used [0x00000000e2980000,0x00000000e2980000,0x00000000e2d00000)
  to   space 3584K, 0% used [0x00000000e2600000,0x00000000e2600000,0x00000000e2980000)
 ParOldGen       total 64512K, used 0K [0x00000000a2a00000, 0x00000000a6900000, 0x00000000e0e00000)
  object space 64512K, 0% used [0x00000000a2a00000,0x00000000a2a00000,0x00000000a6900000)
 Metaspace       used 8396K, capacity 8648K, committed 8832K, reserved 1056768K
  class space    used 1009K, capacity 1106K, committed 1152K, reserved 1048576K
Event: 1,373 GC heap after
Heap after GC invocations=1 (full 0):
 PSYoungGen      total 28160K, used 3581K [0x00000000e0e00000, 0x00000000e4500000, 0x0000000100000000)
  eden space 24576K, 0% used [0x00000000e0e00000,0x00000000e0e00000,0x00000000e2600000)
  from space 3584K, 99% used [0x00000000e2600000,0x00000000e297f500,0x00000000e2980000)
  to   space 3584K, 0% used [0x00000000e4180000,0x00000000e4180000,0x00000000e4500000)
 ParOldGen       total 64512K, used 2404K [0x00000000a2a00000, 0x00000000a6900000, 0x00000000e0e00000)
  object space 64512K, 3% used [0x00000000a2a00000,0x00000000a2c59288,0x00000000a6900000)
 Metaspace       used 8396K, capacity 8648K, committed 8832K, reserved 1056768K
  class space    used 1009K, capacity 1106K, committed 1152K, reserved 1048576K
}
Event: 1,659 GC heap before
{Heap before GC invocations=2 (full 0):
 PSYoungGen      total 28160K, used 28157K [0x00000000e0e00000, 0x00000000e4500000, 0x0000000100000000)
  eden space 24576K, 100% used [0x00000000e0e00000,0x00000000e2600000,0x00000000e2600000)
  from space 3584K, 99% used [0x00000000e2600000,0x00000000e297f500,0x00000000e2980000)
  to   space 3584K, 0% used [0x00000000e4180000,0x00000000e4180000,0x00000000e4500000)
 ParOldGen       total 64512K, used 2404K [0x00000000a2a00000, 0x00000000a6900000, 0x00000000e0e00000)
  object space 64512K, 3% used [0x00000000a2a00000,0x00000000a2c59288,0x00000000a6900000)
 Metaspace       used 9944K, capacity 10184K, committed 10368K, reserved 1058816K
  class space    used 1196K, capacity 1298K, committed 1408K, reserved 1048576K
Event: 1,670 GC heap after
Heap after GC invocations=2 (full 0):
 PSYoungGen      total 52736K, used 3578K [0x00000000e0e00000, 0x00000000e4500000, 0x0000000100000000)
  eden space 49152K, 0% used [0x00000000e0e00000,0x00000000e0e00000,0x00000000e3e00000)
  from space 3584K, 99% used [0x00000000e4180000,0x00000000e44fe900,0x00000000e4500000)
  to   space 3584K, 0% used [0x00000000e3e00000,0x00000000e3e00000,0x00000000e4180000)
 ParOldGen       total 64512K, used 3810K [0x00000000a2a00000, 0x00000000a6900000, 0x00000000e0e00000)
  object space 64512K, 5% used [0x00000000a2a00000,0x00000000a2db8b10,0x00000000a6900000)
 Metaspace       used 9944K, capacity 10184K, committed 10368K, reserved 1058816K
  class space    used 1196K, capacity 1298K, committed 1408K, reserved 1048576K
}
Event: 2,473 GC heap before
{Heap before GC invocations=3 (full 0):
 PSYoungGen      total 52736K, used 52730K [0x00000000e0e00000, 0x00000000e4500000, 0x0000000100000000)
  eden space 49152K, 100% used [0x00000000e0e00000,0x00000000e3e00000,0x00000000e3e00000)
  from space 3584K, 99% used [0x00000000e4180000,0x00000000e44fe900,0x00000000e4500000)
  to   space 3584K, 0% used [0x00000000e3e00000,0x00000000e3e00000,0x00000000e4180000)
 ParOldGen       total 64512K, used 3810K [0x00000000a2a00000, 0x00000000a6900000, 0x00000000e0e00000)
  object space 64512K, 5% used [0x00000000a2a00000,0x00000000a2db8b10,0x00000000a6900000)
 Metaspace       used 12528K, capacity 12974K, committed 13312K, reserved 1060864K
  class space    used 1524K, capacity 1691K, committed 1792K, reserved 1048576K
Event: 2,486 GC heap after
Heap after GC invocations=3 (full 0):
 PSYoungGen      total 52736K, used 3562K [0x00000000e0e00000, 0x00000000e7500000, 0x0000000100000000)
  eden space 49152K, 0% used [0x00000000e0e00000,0x00000000e0e00000,0x00000000e3e00000)
  from space 3584K, 99% used [0x00000000e3e00000,0x00000000e417ab90,0x00000000e4180000)
  to   space 3584K, 0% used [0x00000000e7180000,0x00000000e7180000,0x00000000e7500000)
 ParOldGen       total 64512K, used 4990K [0x00000000a2a00000, 0x00000000a6900000, 0x00000000e0e00000)
  object space 64512K, 7% used [0x00000000a2a00000,0x00000000a2edf810,0x00000000a6900000)
 Metaspace       used 12528K, capacity 12974K, committed 13312K, reserved 1060864K
  class space    used 1524K, capacity 1691K, committed 1792K, reserved 1048576K
}

